0 info it worked if it ends with ok
1 verbose cli [ '/usr/bin/nodejs', '/usr/bin/npm', 'install' ]
2 info using npm@1.4.21
3 info using node@v0.10.29
4 warn package.json chat@0.0.1 No README data
5 verbose readDependencies using package.json deps
6 verbose install where, deps [ '/home/abondar/NodeJSBase/chat', [ 'socket.io', 'mime' ] ]
7 info preinstall chat@0.0.1
8 verbose readDependencies using package.json deps
9 verbose cache add [ 'socket.io@latest', null ]
10 verbose cache add name=undefined spec="socket.io@latest" args=["socket.io@latest",null]
11 verbose parsed url { protocol: null,
11 verbose parsed url   slashes: null,
11 verbose parsed url   auth: null,
11 verbose parsed url   host: null,
11 verbose parsed url   port: null,
11 verbose parsed url   hostname: null,
11 verbose parsed url   hash: null,
11 verbose parsed url   search: null,
11 verbose parsed url   query: null,
11 verbose parsed url   pathname: 'socket.io@latest',
11 verbose parsed url   path: 'socket.io@latest',
11 verbose parsed url   href: 'socket.io@latest' }
12 verbose cache add [ 'mime@latest', null ]
13 verbose cache add name=undefined spec="mime@latest" args=["mime@latest",null]
14 verbose parsed url { protocol: null,
14 verbose parsed url   slashes: null,
14 verbose parsed url   auth: null,
14 verbose parsed url   host: null,
14 verbose parsed url   port: null,
14 verbose parsed url   hostname: null,
14 verbose parsed url   hash: null,
14 verbose parsed url   search: null,
14 verbose parsed url   query: null,
14 verbose parsed url   pathname: 'mime@latest',
14 verbose parsed url   path: 'mime@latest',
14 verbose parsed url   href: 'mime@latest' }
15 verbose cache add name="socket.io" spec="latest" args=["socket.io","latest"]
16 verbose parsed url { protocol: null,
16 verbose parsed url   slashes: null,
16 verbose parsed url   auth: null,
16 verbose parsed url   host: null,
16 verbose parsed url   port: null,
16 verbose parsed url   hostname: null,
16 verbose parsed url   hash: null,
16 verbose parsed url   search: null,
16 verbose parsed url   query: null,
16 verbose parsed url   pathname: 'latest',
16 verbose parsed url   path: 'latest',
16 verbose parsed url   href: 'latest' }
17 verbose addNamed [ 'socket.io', 'latest' ]
18 verbose addNamed [ null, null ]
19 verbose cache add name="mime" spec="latest" args=["mime","latest"]
20 verbose parsed url { protocol: null,
20 verbose parsed url   slashes: null,
20 verbose parsed url   auth: null,
20 verbose parsed url   host: null,
20 verbose parsed url   port: null,
20 verbose parsed url   hostname: null,
20 verbose parsed url   hash: null,
20 verbose parsed url   search: null,
20 verbose parsed url   query: null,
20 verbose parsed url   pathname: 'latest',
20 verbose parsed url   path: 'latest',
20 verbose parsed url   href: 'latest' }
21 verbose addNamed [ 'mime', 'latest' ]
22 verbose addNamed [ null, null ]
23 silly lockFile d01f6c55-socket-io-latest socket.io@latest
24 verbose lock socket.io@latest /home/abondar/.npm/d01f6c55-socket-io-latest.lock
25 silly lockFile fbecd5a2-mime-latest mime@latest
26 verbose lock mime@latest /home/abondar/.npm/fbecd5a2-mime-latest.lock
27 info addNameTag [ 'socket.io', 'latest' ]
28 info addNameTag [ 'mime', 'latest' ]
29 verbose request where is /socket.io
30 verbose request registry https://registry.npmjs.org/
31 verbose request id be91465ac141c42b
32 verbose url raw /socket.io
33 verbose url resolving [ 'https://registry.npmjs.org/', './socket.io' ]
34 verbose url resolved https://registry.npmjs.org/socket.io
35 verbose request where is https://registry.npmjs.org/socket.io
36 info trying registry request attempt 1 at 13:01:49
37 http GET https://registry.npmjs.org/socket.io
38 verbose request where is /mime
39 verbose request registry https://registry.npmjs.org/
40 verbose url raw /mime
41 verbose url resolving [ 'https://registry.npmjs.org/', './mime' ]
42 verbose url resolved https://registry.npmjs.org/mime
43 verbose request where is https://registry.npmjs.org/mime
44 info trying registry request attempt 1 at 13:01:49
45 http GET https://registry.npmjs.org/mime
46 info retry will retry, error on last attempt: Error: getaddrinfo ENOTFOUND
47 info retry will retry, error on last attempt: Error: getaddrinfo ENOTFOUND
48 info trying registry request attempt 2 at 13:01:59
49 http GET https://registry.npmjs.org/socket.io
50 info retry will retry, error on last attempt: Error: getaddrinfo ENOTFOUND
51 info trying registry request attempt 2 at 13:02:00
52 http GET https://registry.npmjs.org/mime
53 info retry will retry, error on last attempt: Error: getaddrinfo ENOTFOUND
54 info trying registry request attempt 3 at 13:02:59
55 http GET https://registry.npmjs.org/socket.io
56 silly lockFile d01f6c55-socket-io-latest socket.io@latest
57 silly lockFile d01f6c55-socket-io-latest socket.io@latest
58 error network getaddrinfo ENOTFOUND
58 error network This is most likely not a problem with npm itself
58 error network and is related to network connectivity.
58 error network In most cases you are behind a proxy or have bad network settings.
58 error network
58 error network If you are behind a proxy, please make sure that the
58 error network 'proxy' config is set properly.  See: 'npm help config'
59 error System Linux 4.4.21+
60 error command "/usr/bin/nodejs" "/usr/bin/npm" "install"
61 error cwd /home/abondar/NodeJSBase/chat
62 error node -v v0.10.29
63 error npm -v 1.4.21
64 error syscall getaddrinfo
65 error code ENOTFOUND
66 error errno ENOTFOUND
67 verbose exit [ 1, true ]
